# JRE version: OpenJDK Runtime Environment (8.0_242) (build 1.8.0_242-release-1644-b3-6222593)
# Java VM: OpenJDK 64-Bit Server VM (25.242-b3-6222593 mixed mode linux-amd64 compressed oops)
Heap:
 PSYoungGen      total 394240K, used 149915K [0x00000000d5580000, 0x00000000f5600000, 0x0000000100000000)
  eden space 348672K, 42% used [0x00000000d5580000,0x00000000de7e6d70,0x00000000eaa00000)
  from space 45568K, 0% used [0x00000000eaa00000,0x00000000eaa00000,0x00000000ed680000)
  to   space 45056K, 0% used [0x00000000f2a00000,0x00000000f2a00000,0x00000000f5600000)
 ParOldGen       total 280576K, used 86122K [0x0000000080000000, 0x0000000091200000, 0x00000000d5580000)
  object space 280576K, 30% used [0x0000000080000000,0x000000008541aad0,0x0000000091200000)
 Metaspace       used 96647K, capacity 101224K, committed 101592K, reserved 1136640K
  class space    used 12732K, capacity 13699K, committed 13824K, reserved 1048576K
GC Heap History (10 events):
Event: 19,884 GC heap before
{Heap before GC invocations=13 (full 3):
 PSYoungGen      total 229376K, used 205824K [0x00000000d5580000, 0x00000000e9d00000, 0x0000000100000000)
  eden space 205824K, 100% used [0x00000000d5580000,0x00000000e1e80000,0x00000000e1e80000)
  from space 23552K, 0% used [0x00000000e1e80000,0x00000000e1e80000,0x00000000e3580000)
  to   space 24064K, 0% used [0x00000000e8580000,0x00000000e8580000,0x00000000e9d00000)
 ParOldGen       total 168448K, used 32139K [0x0000000080000000, 0x000000008a480000, 0x00000000d5580000)
  object space 168448K, 19% used [0x0000000080000000,0x0000000081f62d20,0x000000008a480000)
 Metaspace       used 68230K, capacity 70992K, committed 71128K, reserved 1110016K
  class space    used 9193K, capacity 9722K, committed 9728K, reserved 1048576K
Event: 19,922 GC heap after
Heap after GC invocations=13 (full 3):
 PSYoungGen      total 299008K, used 22570K [0x00000000d5580000, 0x00000000e9c00000, 0x0000000100000000)
  eden space 275968K, 0% used [0x00000000d5580000,0x00000000d5580000,0x00000000e6300000)
  from space 23040K, 97% used [0x00000000e8580000,0x00000000e9b8abc0,0x00000000e9c00000)
  to   space 27136K, 0% used [0x00000000e6700000,0x00000000e6700000,0x00000000e8180000)
 ParOldGen       total 168448K, used 32147K [0x0000000080000000, 0x000000008a480000, 0x00000000d5580000)
  object space 168448K, 19% used [0x0000000080000000,0x0000000081f64d20,0x000000008a480000)
 Metaspace       used 68230K, capacity 70992K, committed 71128K, reserved 1110016K
  class space    used 9193K, capacity 9722K, committed 9728K, reserved 1048576K
}
Event: 49,302 GC heap before
{Heap before GC invocations=14 (full 3):
 PSYoungGen      total 299008K, used 298538K [0x00000000d5580000, 0x00000000e9c00000, 0x0000000100000000)
  eden space 275968K, 100% used [0x00000000d5580000,0x00000000e6300000,0x00000000e6300000)
  from space 23040K, 97% used [0x00000000e8580000,0x00000000e9b8abc0,0x00000000e9c00000)
  to   space 27136K, 0% used [0x00000000e6700000,0x00000000e6700000,0x00000000e8180000)
 ParOldGen       total 168448K, used 32147K [0x0000000080000000, 0x000000008a480000, 0x00000000d5580000)
  object space 168448K, 19% used [0x0000000080000000,0x0000000081f64d20,0x000000008a480000)
 Metaspace       used 81270K, capacity 84786K, committed 85080K, reserved 1122304K
  class space    used 10890K, capacity 11576K, committed 11648K, reserved 1048576K
Event: 49,345 GC heap after
Heap after GC invocations=14 (full 3):
 PSYoungGen      total 307200K, used 27111K [0x00000000d5580000, 0x00000000ef900000, 0x0000000100000000)
  eden space 280064K, 0% used [0x00000000d5580000,0x00000000d5580000,0x00000000e6700000)
  from space 27136K, 99% used [0x00000000e6700000,0x00000000e8179df8,0x00000000e8180000)
  to   space 35328K, 0% used [0x00000000ed680000,0x00000000ed680000,0x00000000ef900000)
 ParOldGen       total 168448K, used 45142K [0x0000000080000000, 0x000000008a480000, 0x00000000d5580000)
  object space 168448K, 26% used [0x0000000080000000,0x0000000082c15be0,0x000000008a480000)
 Metaspace       used 81270K, capacity 84786K, committed 85080K, reserved 1122304K
  class space    used 10890K, capacity 11576K, committed 11648K, reserved 1048576K
}
Event: 59,263 GC heap before
{Heap before GC invocations=15 (full 3):
 PSYoungGen      total 307200K, used 307175K [0x00000000d5580000, 0x00000000ef900000, 0x0000000100000000)
  eden space 280064K, 100% used [0x00000000d5580000,0x00000000e6700000,0x00000000e6700000)
  from space 27136K, 99% used [0x00000000e6700000,0x00000000e8179df8,0x00000000e8180000)
  to   space 35328K, 0% used [0x00000000ed680000,0x00000000ed680000,0x00000000ef900000)
 ParOldGen       total 168448K, used 45142K [0x0000000080000000, 0x000000008a480000, 0x00000000d5580000)
  object space 168448K, 26% used [0x0000000080000000,0x0000000082c15be0,0x000000008a480000)
 Metaspace       used 88939K, capacity 93026K, committed 93400K, reserved 1130496K
  class space    used 11844K, capacity 12680K, committed 12800K, reserved 1048576K
Event: 59,323 GC heap after
Heap after GC invocations=15 (full 3):
 PSYoungGen      total 384000K, used 35312K [0x00000000d5580000, 0x00000000f0900000, 0x0000000100000000)
  eden space 348672K, 0% used [0x00000000d5580000,0x00000000d5580000,0x00000000eaa00000)
  from space 35328K, 99% used [0x00000000ed680000,0x00000000ef8fc198,0x00000000ef900000)
  to   space 45568K, 0% used [0x00000000eaa00000,0x00000000eaa00000,0x00000000ed680000)
 ParOldGen       total 168448K, used 58628K [0x0000000080000000, 0x000000008a480000, 0x00000000d5580000)
  object space 168448K, 34% used [0x0000000080000000,0x0000000083941188,0x000000008a480000)
 Metaspace       used 88939K, capacity 93026K, committed 93400K, reserved 1130496K
  class space    used 11844K, capacity 12680K, committed 12800K, reserved 1048576K
}
Event: 65,372 GC heap before
{Heap before GC invocations=16 (full 3):
 PSYoungGen      total 384000K, used 117814K [0x00000000d5580000, 0x00000000f0900000, 0x0000000100000000)
  eden space 348672K, 23% used [0x00000000d5580000,0x00000000da6117b0,0x00000000eaa00000)
  from space 35328K, 99% used [0x00000000ed680000,0x00000000ef8fc198,0x00000000ef900000)
  to   space 45568K, 0% used [0x00000000eaa00000,0x00000000eaa00000,0x00000000ed680000)
 ParOldGen       total 168448K, used 58628K [0x0000000080000000, 0x000000008a480000, 0x00000000d5580000)
  object space 168448K, 34% used [0x0000000080000000,0x0000000083941188,0x000000008a480000)
 Metaspace       used 93810K, capacity 98144K, committed 98280K, reserved 1134592K
  class space    used 12453K, capacity 13371K, committed 13440K, reserved 1048576K
Event: 65,437 GC heap after
Heap after GC invocations=16 (full 3):
 PSYoungGen      total 394240K, used 6644K [0x00000000d5580000, 0x00000000f5600000, 0x0000000100000000)
  eden space 348672K, 0% used [0x00000000d5580000,0x00000000d5580000,0x00000000eaa00000)
  from space 45568K, 14% used [0x00000000eaa00000,0x00000000eb07d1f0,0x00000000ed680000)
  to   space 45056K, 0% used [0x00000000f2a00000,0x00000000f2a00000,0x00000000f5600000)
 ParOldGen       total 168448K, used 87472K [0x0000000080000000, 0x000000008a480000, 0x00000000d5580000)
  object space 168448K, 51% used [0x0000000080000000,0x000000008556c080,0x000000008a480000)
 Metaspace       used 93810K, capacity 98144K, committed 98280K, reserved 1134592K
  class space    used 12453K, capacity 13371K, committed 13440K, reserved 1048576K
}
Event: 65,437 GC heap before
{Heap before GC invocations=17 (full 4):
 PSYoungGen      total 394240K, used 6644K [0x00000000d5580000, 0x00000000f5600000, 0x0000000100000000)
  eden space 348672K, 0% used [0x00000000d5580000,0x00000000d5580000,0x00000000eaa00000)
  from space 45568K, 14% used [0x00000000eaa00000,0x00000000eb07d1f0,0x00000000ed680000)
  to   space 45056K, 0% used [0x00000000f2a00000,0x00000000f2a00000,0x00000000f5600000)
 ParOldGen       total 168448K, used 87472K [0x0000000080000000, 0x000000008a480000, 0x00000000d5580000)
  object space 168448K, 51% used [0x0000000080000000,0x000000008556c080,0x000000008a480000)
 Metaspace       used 93810K, capacity 98144K, committed 98280K, reserved 1134592K
  class space    used 12453K, capacity 13371K, committed 13440K, reserved 1048576K
Event: 66,235 GC heap after
Heap after GC invocations=17 (full 4):
 PSYoungGen      total 394240K, used 0K [0x00000000d5580000, 0x00000000f5600000, 0x0000000100000000)
  eden space 348672K, 0% used [0x00000000d5580000,0x00000000d5580000,0x00000000eaa00000)
  from space 45568K, 0% used [0x00000000eaa00000,0x00000000eaa00000,0x00000000ed680000)
  to   space 45056K, 0% used [0x00000000f2a00000,0x00000000f2a00000,0x00000000f5600000)
 ParOldGen       total 280576K, used 86122K [0x0000000080000000, 0x0000000091200000, 0x00000000d5580000)
  object space 280576K, 30% used [0x0000000080000000,0x000000008541aad0,0x0000000091200000)
 Metaspace       used 93804K, capacity 98126K, committed 98280K, reserved 1134592K
  class space    used 12451K, capacity 13368K, committed 13440K, reserved 1048576K
}

